<?xml version="1.0" encoding="UTF-8" ?>
<testsuites>
  <testsuite errors="0" failures="0" hostname="Loonpc" id="0" name="MaterialControllerSpec" package="com.nic.ssp" tests="7" time="4.55" timestamp="2015-08-03T04:32:43">
      <properties />

      <testcase classname="com.nic.ssp.MaterialControllerSpec" name="Test the index action returns the correct model" time="3.79" />

      <testcase classname="com.nic.ssp.MaterialControllerSpec" name="Test the create action returns the correct model" time="0.082" />

      <testcase classname="com.nic.ssp.MaterialControllerSpec" name="Test the save action correctly persists an instance" time="0.415" />

      <testcase classname="com.nic.ssp.MaterialControllerSpec" name="Test that the show action returns the correct model" time="0.035" />

      <testcase classname="com.nic.ssp.MaterialControllerSpec" name="Test that the edit action returns the correct model" time="0.03" />

      <testcase classname="com.nic.ssp.MaterialControllerSpec" name="Test the update action performs an update on a valid domain instance" time="0.091" />

      <testcase classname="com.nic.ssp.MaterialControllerSpec" name="Test that the delete action deletes an instance if it exists" time="0.07" />

      <system-out><![CDATA[--Output from Test the index action returns the correct model--
case searchText null
--Output from Test the create action returns the correct model--
--Output from Test the save action correctly persists an instance--
--Output from Test that the show action returns the correct model--
--Output from Test that the edit action returns the correct model--
--Output from Test the update action performs an update on a valid domain instance--
--Output from Test that the delete action deletes an instance if it exists--
]]></system-out>

      <system-err><![CDATA[--Output from Test the index action returns the correct model--
--Output from Test the create action returns the correct model--
--Output from Test the save action correctly persists an instance--
--Output from Test that the show action returns the correct model--
--Output from Test that the edit action returns the correct model--
--Output from Test the update action performs an update on a valid domain instance--
--Output from Test that the delete action deletes an instance if it exists--
]]></system-err>

  </testsuite>
</testsuites>
