# JRE version: Java(TM) SE Runtime Environment (8.0_11-b12) (build 1.8.0_11-b12)
# Java VM: Java HotSpot(TM) 64-Bit Server VM (25.11-b03 mixed mode windows-amd64 compressed oops)
Heap:
 PSYoungGen      total 193536K, used 116585K [0x00000000f0000000, 0x0000000100000000, 0x0000000100000000)
  eden space 133120K, 54% used [0x00000000f0000000,0x00000000f47418d8,0x00000000f8200000)
  from space 60416K, 72% used [0x00000000fc500000,0x00000000fef98d60,0x0000000100000000)
  to   space 64512K, 0% used [0x00000000f8200000,0x00000000f8200000,0x00000000fc100000)
 ParOldGen       total 73216K, used 62013K [0x00000000d0000000, 0x00000000d4780000, 0x00000000f0000000)
  object space 73216K, 84% used [0x00000000d0000000,0x00000000d3c8f430,0x00000000d4780000)
 Metaspace       used 60813K, capacity 62750K, committed 63000K, reserved 1103872K
  class space    used 7005K, capacity 7624K, committed 7704K, reserved 1048576K
GC Heap History (10 events):
Event: 13.808 GC heap after
Heap after GC invocations=72 (full 5):
 PSYoungGen      total 207872K, used 29711K [0x00000000f0000000, 0x00000000fff80000, 0x0000000100000000)
  eden space 173568K, 0% used [0x00000000f0000000,0x00000000f0000000,0x00000000fa980000)
  from space 34304K, 86% used [0x00000000fa980000,0x00000000fc683c10,0x00000000fcb00000)
  to   space 38912K, 0% used [0x00000000fd980000,0x00000000fd980000,0x00000000fff80000)
 ParOldGen       total 73216K, used 61981K [0x00000000d0000000, 0x00000000d4780000, 0x00000000f0000000)
  object space 73216K, 84% used [0x00000000d0000000,0x00000000d3c87430,0x00000000d4780000)
 Metaspace       used 54055K, capacity 55672K, committed 56088K, reserved 1099776K
  class space    used 6091K, capacity 6589K, committed 6680K, reserved 1048576K
}
Event: 14.409 GC heap before
{Heap before GC invocations=73 (full 5):
 PSYoungGen      total 207872K, used 199556K [0x00000000f0000000, 0x00000000fff80000, 0x0000000100000000)
  eden space 173568K, 97% used [0x00000000f0000000,0x00000000fa5dd5d8,0x00000000fa980000)
  from space 34304K, 86% used [0x00000000fa980000,0x00000000fc683c10,0x00000000fcb00000)
  to   space 38912K, 0% used [0x00000000fd980000,0x00000000fd980000,0x00000000fff80000)
 ParOldGen       total 73216K, used 61981K [0x00000000d0000000, 0x00000000d4780000, 0x00000000f0000000)
  object space 73216K, 84% used [0x00000000d0000000,0x00000000d3c87430,0x00000000d4780000)
 Metaspace       used 55333K, capacity 57058K, committed 57368K, reserved 1099776K
  class space    used 6298K, capacity 6846K, committed 6936K, reserved 1048576K
Event: 14.438 GC heap after
Heap after GC invocations=73 (full 5):
 PSYoungGen      total 210944K, used 36948K [0x00000000f0000000, 0x0000000100000000, 0x0000000100000000)
  eden space 172032K, 0% used [0x00000000f0000000,0x00000000f0000000,0x00000000fa800000)
  from space 38912K, 94% used [0x00000000fd980000,0x00000000ffd95158,0x00000000fff80000)
  to   space 45056K, 0% used [0x00000000fa800000,0x00000000fa800000,0x00000000fd400000)
 ParOldGen       total 73216K, used 61989K [0x00000000d0000000, 0x00000000d4780000, 0x00000000f0000000)
  object space 73216K, 84% used [0x00000000d0000000,0x00000000d3c89430,0x00000000d4780000)
 Metaspace       used 55333K, capacity 57058K, committed 57368K, reserved 1099776K
  class space    used 6298K, capacity 6846K, committed 6936K, reserved 1048576K
}
Event: 14.622 GC heap before
{Heap before GC invocations=74 (full 5):
 PSYoungGen      total 210944K, used 208980K [0x00000000f0000000, 0x0000000100000000, 0x0000000100000000)
  eden space 172032K, 100% used [0x00000000f0000000,0x00000000fa800000,0x00000000fa800000)
  from space 38912K, 94% used [0x00000000fd980000,0x00000000ffd95158,0x00000000fff80000)
  to   space 45056K, 0% used [0x00000000fa800000,0x00000000fa800000,0x00000000fd400000)
 ParOldGen       total 73216K, used 61989K [0x00000000d0000000, 0x00000000d4780000, 0x00000000f0000000)
  object space 73216K, 84% used [0x00000000d0000000,0x00000000d3c89430,0x00000000d4780000)
 Metaspace       used 56632K, capacity 58312K, committed 58648K, reserved 1101824K
  class space    used 6534K, capacity 7072K, committed 7192K, reserved 1048576K
Event: 14.641 GC heap after
Heap after GC invocations=74 (full 5):
 PSYoungGen      total 209408K, used 37282K [0x00000000f0000000, 0x0000000100000000, 0x0000000100000000)
  eden space 172032K, 0% used [0x00000000f0000000,0x00000000f0000000,0x00000000fa800000)
  from space 37376K, 99% used [0x00000000fa800000,0x00000000fcc688e0,0x00000000fcc80000)
  to   space 50176K, 0% used [0x00000000fcf00000,0x00000000fcf00000,0x0000000100000000)
 ParOldGen       total 73216K, used 61997K [0x00000000d0000000, 0x00000000d4780000, 0x00000000f0000000)
  object space 73216K, 84% used [0x00000000d0000000,0x00000000d3c8b430,0x00000000d4780000)
 Metaspace       used 56632K, capacity 58312K, committed 58648K, reserved 1101824K
  class space    used 6534K, capacity 7072K, committed 7192K, reserved 1048576K
}
Event: 15.032 GC heap before
{Heap before GC invocations=75 (full 5):
 PSYoungGen      total 209408K, used 199564K [0x00000000f0000000, 0x0000000100000000, 0x0000000100000000)
  eden space 172032K, 94% used [0x00000000f0000000,0x00000000f9e7a850,0x00000000fa800000)
  from space 37376K, 99% used [0x00000000fa800000,0x00000000fcc688e0,0x00000000fcc80000)
  to   space 50176K, 0% used [0x00000000fcf00000,0x00000000fcf00000,0x0000000100000000)
 ParOldGen       total 73216K, used 61997K [0x00000000d0000000, 0x00000000d4780000, 0x00000000f0000000)
  object space 73216K, 84% used [0x00000000d0000000,0x00000000d3c8b430,0x00000000d4780000)
 Metaspace       used 58270K, capacity 60060K, committed 60312K, reserved 1101824K
  class space    used 6697K, capacity 7256K, committed 7320K, reserved 1048576K
Event: 15.052 GC heap after
Heap after GC invocations=75 (full 5):
 PSYoungGen      total 201728K, used 40699K [0x00000000f0000000, 0x0000000100000000, 0x0000000100000000)
  eden space 151552K, 0% used [0x00000000f0000000,0x00000000f0000000,0x00000000f9400000)
  from space 50176K, 81% used [0x00000000fcf00000,0x00000000ff6bec20,0x0000000100000000)
  to   space 55296K, 0% used [0x00000000f9400000,0x00000000f9400000,0x00000000fca00000)
 ParOldGen       total 73216K, used 62005K [0x00000000d0000000, 0x00000000d4780000, 0x00000000f0000000)
  object space 73216K, 84% used [0x00000000d0000000,0x00000000d3c8d430,0x00000000d4780000)
 Metaspace       used 58270K, capacity 60060K, committed 60312K, reserved 1101824K
  class space    used 6697K, capacity 7256K, committed 7320K, reserved 1048576K
}
Event: 15.304 GC heap before
{Heap before GC invocations=76 (full 5):
 PSYoungGen      total 201728K, used 183772K [0x00000000f0000000, 0x0000000100000000, 0x0000000100000000)
  eden space 151552K, 94% used [0x00000000f0000000,0x00000000f8bb8708,0x00000000f9400000)
  from space 50176K, 81% used [0x00000000fcf00000,0x00000000ff6bec20,0x0000000100000000)
  to   space 55296K, 0% used [0x00000000f9400000,0x00000000f9400000,0x00000000fca00000)
 ParOldGen       total 73216K, used 62005K [0x00000000d0000000, 0x00000000d4780000, 0x00000000f0000000)
  object space 73216K, 84% used [0x00000000d0000000,0x00000000d3c8d430,0x00000000d4780000)
 Metaspace       used 59601K, capacity 61544K, committed 61848K, reserved 1103872K
  class space    used 6840K, capacity 7462K, committed 7576K, reserved 1048576K
Event: 15.342 GC heap after
Heap after GC invocations=76 (full 5):
 PSYoungGen      total 195072K, used 43120K [0x00000000f0000000, 0x0000000100000000, 0x0000000100000000)
  eden space 151552K, 0% used [0x00000000f0000000,0x00000000f0000000,0x00000000f9400000)
  from space 43520K, 99% used [0x00000000f9400000,0x00000000fbe1c178,0x00000000fbe80000)
  to   space 60416K, 0% used [0x00000000fc500000,0x00000000fc500000,0x0000000100000000)
 ParOldGen       total 73216K, used 62005K [0x00000000d0000000, 0x00000000d4780000, 0x00000000f0000000)
  object space 73216K, 84% used [0x00000000d0000000,0x00000000d3c8d430,0x00000000d4780000)
 Metaspace       used 59601K, capacity 61544K, committed 61848K, reserved 1103872K
  class space    used 6840K, capacity 7462K, committed 7576K, reserved 1048576K
}
Event: 15.503 GC heap before
{Heap before GC invocations=77 (full 5):
 PSYoungGen      total 195072K, used 191122K [0x00000000f0000000, 0x0000000100000000, 0x0000000100000000)
  eden space 151552K, 97% used [0x00000000f0000000,0x00000000f9088698,0x00000000f9400000)
  from space 43520K, 99% used [0x00000000f9400000,0x00000000fbe1c178,0x00000000fbe80000)
  to   space 60416K, 0% used [0x00000000fc500000,0x00000000fc500000,0x0000000100000000)
 ParOldGen       total 73216K, used 62005K [0x00000000d0000000, 0x00000000d4780000, 0x00000000f0000000)
  object space 73216K, 84% used [0x00000000d0000000,0x00000000d3c8d430,0x00000000d4780000)
 Metaspace       used 60401K, capacity 62280K, committed 62360K, reserved 1103872K
  class space    used 6945K, capacity 7541K, committed 7576K, reserved 1048576K

