# JRE version: Java(TM) SE Runtime Environment (8.0_11-b12) (build 1.8.0_11-b12)
# Java VM: Java HotSpot(TM) 64-Bit Server VM (25.11-b03 mixed mode windows-amd64 compressed oops)
Heap:
 PSYoungGen      total 224768K, used 36137K [0x00000000f0000000, 0x0000000100000000, 0x0000000100000000)
  eden space 200704K, 10% used [0x00000000f0000000,0x00000000f146a680,0x00000000fc400000)
  from space 24064K, 63% used [0x00000000fc400000,0x00000000fd2dff00,0x00000000fdb80000)
  to   space 32768K, 0% used [0x00000000fe000000,0x00000000fe000000,0x0000000100000000)
 ParOldGen       total 91648K, used 75878K [0x00000000d0000000, 0x00000000d5980000, 0x00000000f0000000)
  object space 91648K, 82% used [0x00000000d0000000,0x00000000d4a19890,0x00000000d5980000)
 Metaspace       used 54681K, capacity 56404K, committed 56704K, reserved 1099776K
  class space    used 6189K, capacity 6722K, committed 6784K, reserved 1048576K
GC Heap History (10 events):
Event: 10.111 GC heap before
{Heap before GC invocations=53 (full 4):
 PSYoungGen      total 238080K, used 235535K [0x00000000f0000000, 0x0000000100000000, 0x0000000100000000)
  eden space 218112K, 100% used [0x00000000f0000000,0x00000000fd500000,0x00000000fd500000)
  from space 19968K, 87% used [0x00000000fec80000,0x00000000ffd83d80,0x0000000100000000)
  to   space 22016K, 0% used [0x00000000fd500000,0x00000000fd500000,0x00000000fea80000)
 ParOldGen       total 64000K, used 50013K [0x00000000d0000000, 0x00000000d3e80000, 0x00000000f0000000)
  object space 64000K, 78% used [0x00000000d0000000,0x00000000d30d7780,0x00000000d3e80000)
 Metaspace       used 51044K, capacity 52622K, committed 52864K, reserved 1095680K
  class space    used 5711K, capacity 6172K, committed 6272K, reserved 1048576K
Event: 10.130 GC heap after
Heap after GC invocations=53 (full 4):
 PSYoungGen      total 239616K, used 21344K [0x00000000f0000000, 0x0000000100000000, 0x0000000100000000)
  eden space 218112K, 0% used [0x00000000f0000000,0x00000000f0000000,0x00000000fd500000)
  from space 21504K, 99% used [0x00000000fd500000,0x00000000fe9d8078,0x00000000fea00000)
  to   space 22528K, 0% used [0x00000000fea00000,0x00000000fea00000,0x0000000100000000)
 ParOldGen       total 64000K, used 53493K [0x00000000d0000000, 0x00000000d3e80000, 0x00000000f0000000)
  object space 64000K, 83% used [0x00000000d0000000,0x00000000d343d540,0x00000000d3e80000)
 Metaspace       used 51044K, capacity 52622K, committed 52864K, reserved 1095680K
  class space    used 5711K, capacity 6172K, committed 6272K, reserved 1048576K
}
Event: 10.916 GC heap before
{Heap before GC invocations=54 (full 4):
 PSYoungGen      total 239616K, used 239456K [0x00000000f0000000, 0x0000000100000000, 0x0000000100000000)
  eden space 218112K, 100% used [0x00000000f0000000,0x00000000fd500000,0x00000000fd500000)
  from space 21504K, 99% used [0x00000000fd500000,0x00000000fe9d8078,0x00000000fea00000)
  to   space 22528K, 0% used [0x00000000fea00000,0x00000000fea00000,0x0000000100000000)
 ParOldGen       total 64000K, used 53493K [0x00000000d0000000, 0x00000000d3e80000, 0x00000000f0000000)
  object space 64000K, 83% used [0x00000000d0000000,0x00000000d343d540,0x00000000d3e80000)
 Metaspace       used 52627K, capacity 54162K, committed 54528K, reserved 1097728K
  class space    used 5851K, capacity 6339K, committed 6400K, reserved 1048576K
Event: 10.931 GC heap after
Heap after GC invocations=54 (full 4):
 PSYoungGen      total 223232K, used 22512K [0x00000000f0000000, 0x0000000100000000, 0x0000000100000000)
  eden space 200704K, 0% used [0x00000000f0000000,0x00000000f0000000,0x00000000fc400000)
  from space 22528K, 99% used [0x00000000fea00000,0x00000000ffffc2e0,0x0000000100000000)
  to   space 30720K, 0% used [0x00000000fc400000,0x00000000fc400000,0x00000000fe200000)
 ParOldGen       total 64000K, used 61732K [0x00000000d0000000, 0x00000000d3e80000, 0x00000000f0000000)
  object space 64000K, 96% used [0x00000000d0000000,0x00000000d3c49248,0x00000000d3e80000)
 Metaspace       used 52627K, capacity 54162K, committed 54528K, reserved 1097728K
  class space    used 5851K, capacity 6339K, committed 6400K, reserved 1048576K
}
Event: 10.931 GC heap before
{Heap before GC invocations=55 (full 5):
 PSYoungGen      total 223232K, used 22512K [0x00000000f0000000, 0x0000000100000000, 0x0000000100000000)
  eden space 200704K, 0% used [0x00000000f0000000,0x00000000f0000000,0x00000000fc400000)
  from space 22528K, 99% used [0x00000000fea00000,0x00000000ffffc2e0,0x0000000100000000)
  to   space 30720K, 0% used [0x00000000fc400000,0x00000000fc400000,0x00000000fe200000)
 ParOldGen       total 64000K, used 61732K [0x00000000d0000000, 0x00000000d3e80000, 0x00000000f0000000)
  object space 64000K, 96% used [0x00000000d0000000,0x00000000d3c49248,0x00000000d3e80000)
 Metaspace       used 52627K, capacity 54162K, committed 54528K, reserved 1097728K
  class space    used 5851K, capacity 6339K, committed 6400K, reserved 1048576K
Event: 11.850 GC heap after
Heap after GC invocations=55 (full 5):
 PSYoungGen      total 223232K, used 19800K [0x00000000f0000000, 0x0000000100000000, 0x0000000100000000)
  eden space 200704K, 0% used [0x00000000f0000000,0x00000000f0000000,0x00000000fc400000)
  from space 22528K, 87% used [0x00000000fea00000,0x00000000ffd563c8,0x0000000100000000)
  to   space 30720K, 0% used [0x00000000fc400000,0x00000000fc400000,0x00000000fe200000)
 ParOldGen       total 76288K, used 63537K [0x00000000d0000000, 0x00000000d4a80000, 0x00000000f0000000)
  object space 76288K, 83% used [0x00000000d0000000,0x00000000d3e0c698,0x00000000d4a80000)
 Metaspace       used 52627K, capacity 54162K, committed 54528K, reserved 1097728K
  class space    used 5851K, capacity 6339K, committed 6400K, reserved 1048576K
}
Event: 12.322 GC heap before
{Heap before GC invocations=56 (full 5):
 PSYoungGen      total 223232K, used 220504K [0x00000000f0000000, 0x0000000100000000, 0x0000000100000000)
  eden space 200704K, 100% used [0x00000000f0000000,0x00000000fc400000,0x00000000fc400000)
  from space 22528K, 87% used [0x00000000fea00000,0x00000000ffd563c8,0x0000000100000000)
  to   space 30720K, 0% used [0x00000000fc400000,0x00000000fc400000,0x00000000fe200000)
 ParOldGen       total 76288K, used 63537K [0x00000000d0000000, 0x00000000d4a80000, 0x00000000f0000000)
  object space 76288K, 83% used [0x00000000d0000000,0x00000000d3e0c698,0x00000000d4a80000)
 Metaspace       used 54549K, capacity 56284K, committed 56704K, reserved 1099776K
  class space    used 6165K, capacity 6707K, committed 6784K, reserved 1048576K
Event: 12.349 GC heap after
Heap after GC invocations=56 (full 5):
 PSYoungGen      total 224768K, used 23741K [0x00000000f0000000, 0x0000000100000000, 0x0000000100000000)
  eden space 200704K, 0% used [0x00000000f0000000,0x00000000f0000000,0x00000000fc400000)
  from space 24064K, 98% used [0x00000000fc400000,0x00000000fdb2f500,0x00000000fdb80000)
  to   space 32768K, 0% used [0x00000000fe000000,0x00000000fe000000,0x0000000100000000)
 ParOldGen       total 76288K, used 68597K [0x00000000d0000000, 0x00000000d4a80000, 0x00000000f0000000)
  object space 76288K, 89% used [0x00000000d0000000,0x00000000d42fd660,0x00000000d4a80000)
 Metaspace       used 54549K, capacity 56284K, committed 56704K, reserved 1099776K
  class space    used 6165K, capacity 6707K, committed 6784K, reserved 1048576K
}
Event: 12.349 GC heap before
{Heap before GC invocations=57 (full 6):
 PSYoungGen      total 224768K, used 23741K [0x00000000f0000000, 0x0000000100000000, 0x0000000100000000)
  eden space 200704K, 0% used [0x00000000f0000000,0x00000000f0000000,0x00000000fc400000)
  from space 24064K, 98% used [0x00000000fc400000,0x00000000fdb2f500,0x00000000fdb80000)
  to   space 32768K, 0% used [0x00000000fe000000,0x00000000fe000000,0x0000000100000000)
 ParOldGen       total 76288K, used 68597K [0x00000000d0000000, 0x00000000d4a80000, 0x00000000f0000000)
  object space 76288K, 89% used [0x00000000d0000000,0x00000000d42fd660,0x00000000d4a80000)
 Metaspace       used 54549K, capacity 56284K, committed 56704K, reserved 1099776K
  class space    used 6165K, capacity 6707K, committed 6784K, reserved 1048576K
Event: 12.834 GC heap after
Heap after GC invocations=57 (full 6):
 PSYoungGen      total 224768K, used 15231K [0x00000000f0000000, 0x0000000100000000, 0x0000000100000000)
  eden space 200704K, 0% used [0x00000000f0000000,0x00000000f0000000,0x00000000fc400000)
  from space 24064K, 63% used [0x00000000fc400000,0x00000000fd2dff00,0x00000000fdb80000)
  to   space 32768K, 0% used [0x00000000fe000000,0x00000000fe000000,0x0000000100000000)
 ParOldGen       total 91648K, used 75878K [0x00000000d0000000, 0x00000000d5980000, 0x00000000f0000000)
  object space 91648K, 82% used [0x00000000d0000000,0x00000000d4a19890,0x00000000d5980000)
 Metaspace       used 54549K, capacity 56284K, committed 56704K, reserved 1099776K
  class space    used 6165K, capacity 6707K, committed 6784K, reserved 1048576K
}

